#
# A fatal error has been detected by the Java Runtime Environment:
#
#  EXCEPTION_ACCESS_VIOLATION (0xc0000005) at pc=0x00007ffe58b5ae4e, pid=19432, tid=3444
#
# JRE version:  (14.0+36) (build )
# Java VM: Java HotSpot(TM) 64-Bit Server VM (14+36-1461, mixed mode, sharing, tiered, compressed oops, g1 gc, windows-amd64)
# Problematic frame:
# V  [jvm.dll+0x28ae4e]
#
# No core dump will be written. Minidumps are not enabled by default on client versions of Windows
#
#

---------------  S U M M A R Y ------------

Command Line: -Xmx16m org.eclipse.jdt.internal.launching.support.LibraryDetector

Host: Intel(R) Core(TM) i7-7700HQ CPU @ 2.80GHz, 8 cores, 15G,  Windows 10 , 64 bit Build 19041 (10.0.19041.1202)
Time: Fri Oct 15 15:39:31 2021 SE Asia Standard Time elapsed time: 0 seconds (0d 0h 0m 0s)

---------------  T H R E A D  ---------------

Current thread (0x000002a5ece4a000):  JavaThread "Unknown thread" [_thread_in_vm, id=3444, stack(0x000000d7a3600000,0x000000d7a3700000)]

Stack: [0x000000d7a3600000,0x000000d7a3700000],  sp=0x000000d7a36ff570,  free space=1021k
Native frames: (J=compiled Java code, j=interpreted, Vv=VM code, C=native code)
V  [jvm.dll+0x28ae4e]
V  [jvm.dll+0x28b285]
V  [jvm.dll+0x5a7f39]
V  [jvm.dll+0x5a8109]
V  [jvm.dll+0x5a79ab]
V  [jvm.dll+0x5a2245]
V  [jvm.dll+0x71f74b]
V  [jvm.dll+0x321c24]
V  [jvm.dll+0x700aec]
V  [jvm.dll+0x392ddf]
V  [jvm.dll+0x394e51]
C  [jli.dll+0x523b]
C  [ucrtbase.dll+0x21bb2]
C  [KERNEL32.DLL+0x17034]
C  [ntdll.dll+0x52651]


siginfo: EXCEPTION_ACCESS_VIOLATION (0xc0000005), reading address 0x0000000000000000


Registers:
RAX=0x000069ca73ed9345, RBX=0x0000000000000000, RCX=0x0000000000000000, RDX=0x00007ffe59118a01
RSP=0x000000d7a36ff570, RBP=0x0000000000000001, RSI=0x0000000800a96f30, RDI=0x0000000000000000
R8 =0x0000000000000001, R9 =0x0000000000000001, R10=0x000002a5eceabf50, R11=0x000000d7a36ff4a0
R12=0x0000000000000000, R13=0x000002a5ecc09ab0, R14=0x0000000000000001, R15=0x000000d7a36ffdc8
RIP=0x00007ffe58b5ae4e, EFLAGS=0x0000000000010246

Top of Stack: (sp=0x000000d7a36ff570)
0x000000d7a36ff570:   000000000070006e 000002a5ecea97b0
0x000000d7a36ff580:   0000000000010000 00007ffee31fae00
0x000000d7a36ff590:   0000000000000000 00007ffee323432e
0x000000d7a36ff5a0:   0000000000000003 0000000800000000
0x000000d7a36ff5b0:   000069ca73ed92c5 0000000000000000
0x000000d7a36ff5c0:   000069ca73ed9345 0000000800000000
0x000000d7a36ff5d0:   0000000000000000 00007ffe58b5b285
0x000000d7a36ff5e0:   00000000000000d8 0000000000000000
0x000000d7a36ff5f0:   0000000000000000 000002a5ece65d00
0x000000d7a36ff600:   0000000800a96f28 0000000000000001
0x000000d7a36ff610:   0000000000000004 000000d7a36ff790
0x000000d7a36ff620:   0000000000000000 0000000000000000
0x000000d7a36ff630:   0000000000000000 0000000000000000
0x000000d7a36ff640:   ffffffff45524a00 313634312d363300
0x000000d7a36ff650:   000069ca73ed93d5 0000000800000000
0x000000d7a36ff660:   000002a5ecc09ab0 0000000800000000 

Instructions: (pc=0x00007ffe58b5ae4e)
0x00007ffe58b5ad4e:   ff 85 d2 44 0f 4f c2 49 63 d0 41 b8 02 00 00 00
0x00007ffe58b5ad5e:   48 83 c2 0f 48 c1 ea 03 48 63 d2 e8 12 61 31 00
0x00007ffe58b5ad6e:   48 8b d8 48 85 c0 74 0b 89 38 eb 09 41 c6 04 24
0x00007ffe58b5ad7e:   02 eb 1b 33 db 4c 63 84 24 80 00 00 00 48 8d 4b
0x00007ffe58b5ad8e:   04 48 8b d5 e8 3f a0 50 00 49 89 5c 24 20 48 8b
0x00007ffe58b5ad9e:   9c 24 88 00 00 00 49 83 3e 00 74 15 48 8b 54 24
0x00007ffe58b5adae:   28 48 8b ce e8 d9 16 e2 ff 49 8b ce e8 41 16 e2
0x00007ffe58b5adbe:   ff 48 89 5e 20 48 8b 5c 24 70 4c 89 76 10 4c 89
0x00007ffe58b5adce:   6e 18 48 83 c4 30 41 5f 41 5e 41 5d 41 5c 5f 5e
0x00007ffe58b5adde:   5d c3 40 53 48 83 ec 20 48 8b 59 28 e8 b1 cc 36
0x00007ffe58b5adee:   00 ff c8 48 63 c8 48 8d 04 19 48 f7 d1 48 23 c1
0x00007ffe58b5adfe:   48 83 c4 20 5b c3 cc cc cc cc cc cc cc cc cc cc
0x00007ffe58b5ae0e:   cc cc 48 89 5c 24 10 48 89 6c 24 18 48 89 74 24
0x00007ffe58b5ae1e:   20 57 48 83 ec 60 48 8b 05 ed 99 76 00 48 33 c4
0x00007ffe58b5ae2e:   48 89 44 24 50 80 3d 28 6c 73 00 00 0f b6 ea 48
0x00007ffe58b5ae3e:   8b f1 74 17 80 39 00 75 12 48 8b 0d 8a 48 79 00
0x00007ffe58b5ae4e:   48 8b 01 ff 50 20 48 8b d8 eb 08 48 8b 59 18 48
0x00007ffe58b5ae5e:   83 c3 04 48 83 3d 67 49 79 00 00 40 b7 01 74 0f
0x00007ffe58b5ae6e:   48 8b d3 48 8d 0d 90 d8 5b 00 e8 83 53 f3 ff 48
0x00007ffe58b5ae7e:   8d 54 24 20 48 8b cb e8 16 c1 36 00 85 c0 74 19
0x00007ffe58b5ae8e:   40 84 ed 74 14 48 8b d3 48 8d 0d 93 d8 5b 00 e8
0x00007ffe58b5ae9e:   0e de ff ff 40 32 ff eb 78 80 3e 03 75 20 48 8b
0x00007ffe58b5aeae:   cb e8 7c 6d 36 00 84 c0 75 67 48 8b d3 48 8d 0d
0x00007ffe58b5aebe:   9e d8 5b 00 e8 e9 dd ff ff 40 32 ff eb 53 48 8b
0x00007ffe58b5aece:   56 08 4c 8b 44 24 40 48 85 d2 74 05 49 3b d0 75
0x00007ffe58b5aede:   09 8b 44 24 34 39 46 10 74 37 40 32 ff 40 38 3d
0x00007ffe58b5aeee:   63 63 7b 00 74 1c 49 3b d0 48 8d 05 82 d8 5b 00
0x00007ffe58b5aefe:   48 8d 0d 93 d8 5b 00 48 0f 45 c8 e8 a2 dd ff ff
0x00007ffe58b5af0e:   eb 0f 48 8b d3 48 8d 0d 96 d8 5b 00 e8 91 dd ff
0x00007ffe58b5af1e:   ff 80 3d 2f 63 7b 00 00 74 10 40 84 ff 75 0b c6
0x00007ffe58b5af2e:   05 25 b2 7c 00 01 b0 01 eb 04 40 0f b6 c7 48 8b
0x00007ffe58b5af3e:   4c 24 50 48 33 cc e8 f7 87 50 00 4c 8d 5c 24 60 



---------------  P R O C E S S  ---------------

Threads class SMR info:
_java_thread_list=0x00007ffe59354078, length=0, elements={
}

Java Threads: ( => current thread )

Other Threads:
  0x000002a5ece6a000 GCTaskThread "GC Thread#0" [stack: 0x000000d7a3700000,0x000000d7a3800000] [id=2912]
  0x000002a5ece6c000 ConcurrentGCThread "G1 Main Marker" [stack: 0x000000d7a3800000,0x000000d7a3900000] [id=9432]
  0x000002a5ece6d800 ConcurrentGCThread "G1 Conc#0" [stack: 0x000000d7a3900000,0x000000d7a3a00000] [id=10020]
  0x000002a5ece9d800 ConcurrentGCThread "G1 Refine#0" [stack: 0x000000d7a3a00000,0x000000d7a3b00000] [id=19776]
  0x000002a5ece9f000 ConcurrentGCThread "G1 Young RemSet Sampling" [stack: 0x000000d7a3b00000,0x000000d7a3c00000] [id=6748]

=>0x000002a5ece4a000 (exited) JavaThread "Unknown thread" [_thread_in_vm, id=3444, stack(0x000000d7a3600000,0x000000d7a3700000)]

Threads with active compile tasks:

VM state:not at safepoint (not fully initialized)

VM Mutex/Monitor currently owned by a thread: None

Heap address: 0x00000000ff000000, size: 16 MB, Compressed Oops mode: 32-bit
Narrow klass base: 0x0000000000000000, Narrow klass shift: 0

GC Heap History (0 events):
No events

Deoptimization events (0 events):
No events

Classes unloaded (0 events):
No events

Classes redefined (0 events):
No events

Internal exceptions (0 events):
No events

Events (2 events):
Event: 0.021 Loaded shared library C:\Program Files\Java\jdk-14\bin\java.dll
Event: 0.023 Loaded shared library C:\Program Files\Java\jdk-14\bin\zip.dll


Dynamic libraries:
0x00007ff61dbe0000 - 0x00007ff61dbef000 	C:\Program Files\Java\jdk-14\bin\javaw.exe
0x00007ffee54b0000 - 0x00007ffee56a5000 	C:\WINDOWS\SYSTEM32\ntdll.dll
0x00007ffee4920000 - 0x00007ffee49de000 	C:\WINDOWS\System32\KERNEL32.DLL
0x00007ffee31d0000 - 0x00007ffee3499000 	C:\WINDOWS\System32\KERNELBASE.dll
0x00007ffee2f50000 - 0x00007ffee3050000 	C:\WINDOWS\System32\ucrtbase.dll
0x00007ffea4e80000 - 0x00007ffea4e98000 	C:\Program Files\Java\jdk-14\bin\jli.dll
0x00007ffea3920000 - 0x00007ffea3935000 	C:\Program Files\Java\jdk-14\bin\VCRUNTIME140.dll
0x00007ffee45f0000 - 0x00007ffee469c000 	C:\WINDOWS\System32\ADVAPI32.dll
0x00007ffee3790000 - 0x00007ffee382e000 	C:\WINDOWS\System32\msvcrt.dll
0x00007ffee3910000 - 0x00007ffee39ab000 	C:\WINDOWS\System32\sechost.dll
0x00007ffee3a60000 - 0x00007ffee3b8a000 	C:\WINDOWS\System32\RPCRT4.dll
0x00007ffee4770000 - 0x00007ffee4911000 	C:\WINDOWS\System32\USER32.dll
0x00007ffee2ce0000 - 0x00007ffee2d02000 	C:\WINDOWS\System32\win32u.dll
0x00007ffee3d30000 - 0x00007ffee3d5b000 	C:\WINDOWS\System32\GDI32.dll
0x00007ffee2bd0000 - 0x00007ffee2cdb000 	C:\WINDOWS\System32\gdi32full.dll
0x00007ffee3050000 - 0x00007ffee30ed000 	C:\WINDOWS\System32\msvcp_win.dll
0x00007ffecae70000 - 0x00007ffecb10a000 	C:\WINDOWS\WinSxS\amd64_microsoft.windows.common-controls_6595b64144ccf1df_6.0.19041.1110_none_60b5254171f9507e\COMCTL32.dll
0x00007ffed8a80000 - 0x00007ffed8a8a000 	C:\WINDOWS\SYSTEM32\VERSION.dll
0x00007ffee4b60000 - 0x00007ffee4b90000 	C:\WINDOWS\System32\IMM32.DLL
0x00007ffe9b000000 - 0x00007ffe9b09b000 	C:\Program Files\Java\jdk-14\bin\msvcp140.dll
0x00007ffe588d0000 - 0x00007ffe593ef000 	C:\Program Files\Java\jdk-14\bin\server\jvm.dll
0x00007ffee3ea0000 - 0x00007ffee3ea8000 	C:\WINDOWS\System32\PSAPI.DLL
0x00007ffeb7cd0000 - 0x00007ffeb7cd9000 	C:\WINDOWS\SYSTEM32\WSOCK32.dll
0x00007ffee46a0000 - 0x00007ffee470b000 	C:\WINDOWS\System32\WS2_32.dll
0x00007ffecb2c0000 - 0x00007ffecb2e7000 	C:\WINDOWS\SYSTEM32\WINMM.dll
0x00007ffee1440000 - 0x00007ffee1452000 	C:\WINDOWS\SYSTEM32\kernel.appcore.dll
0x00007ffeb3520000 - 0x00007ffeb352a000 	C:\Program Files\Java\jdk-14\bin\jimage.dll
0x00007ffee0890000 - 0x00007ffee0a74000 	C:\WINDOWS\SYSTEM32\DBGHELP.DLL
0x00007ffec9040000 - 0x00007ffec906c000 	C:\WINDOWS\SYSTEM32\dbgcore.DLL
0x00007ffee2ec0000 - 0x00007ffee2f43000 	C:\WINDOWS\System32\bcryptPrimitives.dll
0x00007ffea38f0000 - 0x00007ffea3915000 	C:\Program Files\Java\jdk-14\bin\java.dll
0x00007ffea38d0000 - 0x00007ffea38e7000 	C:\Program Files\Java\jdk-14\bin\zip.dll

dbghelp: loaded successfully - version: 4.0.5 - missing functions: none
symbol engine: initialized successfully - sym options: 0x614 - pdb path: .;C:\Program Files\Java\jdk-14\bin;C:\WINDOWS\SYSTEM32;C:\WINDOWS\WinSxS\amd64_microsoft.windows.common-controls_6595b64144ccf1df_6.0.19041.1110_none_60b5254171f9507e;C:\Program Files\Java\jdk-14\bin\server

VM Arguments:
jvm_args: -Xmx16m 
java_command: org.eclipse.jdt.internal.launching.support.LibraryDetector
java_class_path (initial): C:\Users\Nitipat\AppData\Roaming\Code\User\globalStorage\redhat.java\0.82.0\config_win\org.eclipse.osgi\48\0\.cp\lib\launchingsupport.jar
Launcher Type: SUN_STANDARD

[Global flags]
     intx CICompilerCount                          = 4                                         {product} {ergonomic}
     uint ConcGCThreads                            = 2                                         {product} {ergonomic}
     uint G1ConcRefinementThreads                  = 8                                         {product} {ergonomic}
   size_t G1HeapRegionSize                         = 1048576                                   {product} {ergonomic}
    uintx GCDrainStackTargetSize                   = 64                                        {product} {ergonomic}
   size_t InitialHeapSize                          = 16777216                                  {product} {ergonomic}
   size_t MarkStackSize                            = 4194304                                   {product} {ergonomic}
   size_t MaxHeapSize                              = 16777216                                  {product} {command line}
   size_t MaxNewSize                               = 9437184                                   {product} {ergonomic}
   size_t MinHeapDeltaBytes                        = 1048576                                   {product} {ergonomic}
   size_t MinHeapSize                              = 8388608                                   {product} {ergonomic}
    uintx NonNMethodCodeHeapSize                   = 5839372                                {pd product} {ergonomic}
    uintx NonProfiledCodeHeapSize                  = 122909434                              {pd product} {ergonomic}
    uintx ProfiledCodeHeapSize                     = 122909434                              {pd product} {ergonomic}
    uintx ReservedCodeCacheSize                    = 251658240                              {pd product} {ergonomic}
     bool SegmentedCodeCache                       = true                                      {product} {ergonomic}
   size_t SoftMaxHeapSize                          = 16777216                               {manageable} {ergonomic}
     bool UseCompressedClassPointers               = true                                 {lp64_product} {ergonomic}
     bool UseCompressedOops                        = true                                 {lp64_product} {ergonomic}
     bool UseG1GC                                  = true                                      {product} {ergonomic}
     bool UseLargePagesIndividualAllocation        = false                                  {pd product} {ergonomic}

Logging:
Log output configuration:
 #0: stdout all=warning uptime,level,tags
 #1: stderr all=off uptime,level,tags

Environment Variables:
PATH=C:\Program Files\Common Files\Oracle\Java\javapath;C:\Program Files\Java\jdk-13.0.1\bin;C:\Program Files (x86)\Common Files\Oracle\Java\javapath;C:\Program Files (x86)\iis express\PHP\v5.3;C:\Program Files (x86)\Intel\iCLS Client\;C:\Program Files\Intel\iCLS Client\;C:\windows\system32;C:\windows;C:\windows\System32\Wbem;C:\windows\System32\WindowsPowerShell\v1.0\;C:\Program Files (x86)\Intel\Intel(R) Management Engine Components\DAL;C:\Program Files\Intel\Intel(R) Management Engine Components\DAL;C:\Program Files (x86)\Intel\Intel(R) Management Engine Components\IPT;C:\Program Files\Intel\Intel(R) Management Engine Components\IPT;C:\WINDOWS\system32;C:\WINDOWS;C:\WINDOWS\System32\Wbem;C:\WINDOWS\System32\WindowsPowerShell\v1.0\;C:\WINDOWS\System32\OpenSSH\;C:\Program Files\NVIDIA Corporation\NVIDIA NvDLISR;C:\Program Files\Microsoft\Web Platform Installer\;C:\Users\Nitipat\AppData\Local\Microsoft\WindowsApps;C:\Program Files\dotnet\;C:\TDM-GCC-64\bin;C:\Program Files (x86)\QuickTime\QTSystem\;C:\Program Files\nodejs\;C:\Program Files (x86)\NVIDIA Corporation\PhysX\Common;C:\Users\Nitipat\AppData\Local\Programs\Python\Python38-32;C:\WINDOWS\system32;C:\WINDOWS;C:\WINDOWS\System32\Wbem;C:\WINDOWS\System32\WindowsPowerShell\v1.0\;C:\WINDOWS\System32\OpenSSH\;C:\Users\Nitipat\AppData\Local\Microsoft\WindowsApps;C:\Users\Nitipat\AppData\Local\Programs\Microsoft VS Code\bin;C:\TDM-GCC-64\bin;C:\Users\Nitipat\AppData\Roaming\npm;C:\Users\Nitipat\AppData\Local\gitkraken\bin;C:\src\flutter\bin;C:\Users\Nitipat\AppData\Local\Android\Sdk\tools;C:\Users\Nitipat\AppData\Local\Android\Sdk\tools\bin;C:\Users\Nitipat\AppData\Local\Android\Sdk\platform-tools;C:\cloc;C:\Users\Nitipat\.dotnet\tools;C:\Program Files\Java\jdk-17\bin;
USERNAME=Nitipat
OS=Windows_NT
PROCESSOR_IDENTIFIER=Intel64 Family 6 Model 158 Stepping 9, GenuineIntel



---------------  S Y S T E M  ---------------

OS: Windows 10 , 64 bit Build 19041 (10.0.19041.1202)
OS uptime: 0 days 0:59 hours

CPU:total 8 (initial active 8) (4 cores per cpu, 2 threads per core) family 6 model 158 stepping 9, cmov, cx8, fxsr, mmx, sse, sse2, sse3, ssse3, sse4.1, sse4.2, popcnt, avx, avx2, aes, clmul, erms, 3dnowpref, lzcnt, ht, tsc, tscinvbit, bmi1, bmi2, adx, fma

Memory: 4k page, system-wide physical 16266M (7787M free)
TotalPageFile size 19594M (AvailPageFile size 6368M)
current process WorkingSet (physical memory assigned to process): 10M, peak: 10M
current process commit charge ("private bytes"): 87M, peak: 87M

vm_info: Java HotSpot(TM) 64-Bit Server VM (14+36-1461) for windows-amd64 JRE (14+36-1461), built on Feb  6 2020 19:08:04 by "mach5one" with MS VC++ 15.9 (VS2017)

END.
